已經開始建置於 2015/12/20 下午 11:05:22。
     1>節點 2 (build 目標) 上的專案 "C:\Users\User\Downloads\NP_hw3\NP_hw3.vcxproj"。
     1>InitializeBuildStatus:
         由於指定了 "AlwaysCreate"，因此正在建立 "Debug\NP_hw3.unsuccessfulbuild"。
       ClCompile:
         c:\Program Files (x86)\Microsoft Visual Studio 10.0\VC\bin\CL.exe /c /ZI /nologo /W3 /WX- /Od /Oy- /D WIN32 /D _DEBUG /D _CONSOLE /D _MBCS /Gm /EHsc /RTC1 /MTd /GS /fp:precise /Zc:wchar_t /Zc:forScope /Fo"Debug\\" /Fd"Debug\vc100.pdb" /Gd /TP /analyze- /errorReport:prompt NP_hw3.cpp
         NP_hw3.cpp
       ResourceCompile:
         C:\Program Files (x86)\Microsoft SDKs\Windows\v7.0A\bin\rc.exe /l"0x0409" /nologo /fo"Debug\NP_hw3.res" NP_hw3.rc 
       ManifestResourceCompile:
         C:\Program Files (x86)\Microsoft SDKs\Windows\v7.0A\bin\rc.exe /nologo /fo"Debug\NP_hw3.exe.embed.manifest.res" Debug\NP_hw3_manifest.rc 
       Link:
         c:\Program Files (x86)\Microsoft Visual Studio 10.0\VC\bin\link.exe /ERRORREPORT:PROMPT /OUT:"Debug\NP_hw3.exe" /INCREMENTAL /NOLOGO ws2_32.lib kernel32.lib user32.lib gdi32.lib winspool.lib comdlg32.lib advapi32.lib shell32.lib ole32.lib oleaut32.lib uuid.lib odbc32.lib odbccp32.lib /MANIFEST /ManifestFile:"Debug\NP_hw3.exe.intermediate.manifest" /MANIFESTUAC:"level='asInvoker' uiAccess='false'" /DEBUG /PDB:"Debug\NP_hw3.pdb" /SUBSYSTEM:WINDOWS /TLBID:1 /DYNAMICBASE /NXCOMPAT /IMPLIB:"Debug\NP_hw3.lib" /MACHINE:X86 Debug\NP_hw3.res
         Debug\NP_hw3.exe.embed.manifest.res
         Debug\NP_hw3.obj
       Manifest:
         C:\Program Files (x86)\Microsoft SDKs\Windows\v7.0A\bin\mt.exe /nologo /verbose /out:"Debug\NP_hw3.exe.embed.manifest" /manifest Debug\NP_hw3.exe.intermediate.manifest
         C:\Program Files (x86)\Microsoft SDKs\Windows\v7.0A\bin\rc.exe /nologo /fo"Debug\NP_hw3.exe.embed.manifest.res" Debug\NP_hw3_manifest.rc 
       LinkEmbedManifest:
         c:\Program Files (x86)\Microsoft Visual Studio 10.0\VC\bin\link.exe /ERRORREPORT:PROMPT /OUT:"Debug\NP_hw3.exe" /INCREMENTAL /NOLOGO ws2_32.lib kernel32.lib user32.lib gdi32.lib winspool.lib comdlg32.lib advapi32.lib shell32.lib ole32.lib oleaut32.lib uuid.lib odbc32.lib odbccp32.lib /MANIFEST /ManifestFile:"Debug\NP_hw3.exe.intermediate.manifest" /MANIFESTUAC:"level='asInvoker' uiAccess='false'" /DEBUG /PDB:"Debug\NP_hw3.pdb" /SUBSYSTEM:WINDOWS /TLBID:1 /DYNAMICBASE /NXCOMPAT /IMPLIB:"Debug\NP_hw3.lib" /MACHINE:X86 Debug\NP_hw3.res
         Debug\NP_hw3.exe.embed.manifest.res
         Debug\NP_hw3.obj
         NP_hw3.vcxproj -> C:\Users\User\Downloads\NP_hw3\Debug\NP_hw3.exe
       FinalizeBuildStatus:
         正在刪除檔案 "Debug\NP_hw3.unsuccessfulbuild"。
         正在變更時間戳記 "Debug\NP_hw3.lastbuildstate"。
     1>專案 "C:\Users\User\Downloads\NP_hw3\NP_hw3.vcxproj" (build 目標) 建置完成。

建置成功。

經過時間 00:00:06.97
